Arguments: 
  C:\Program Files (x86)\nodejs\node.exe C:\Users\SeaChan\AppData\Roaming\npm\node_modules\yarn\bin\yarn.js add ejd

PATH: 
  C:\Users\SeaChan\Desktop\node-static-server\node_modules\.bin;C:\Program Files (x86)\Razer\ChromaBroadcast\bin;C:\Program Files\Razer\ChromaBroadcast\bin;C:\WINDOWS\system32;C:\WINDOWS;C:\WINDOWS\System32\Wbem;C:\WINDOWS\System32\WindowsPowerShell\v1.0\;C:\WINDOWS\System32\OpenSSH\;C:\Program Files\Git\cmd;C:\WINDOWS\system32\config\systemprofile\AppData\Local\Microsoft\WindowsApps;C:\Users\SeaChan\AppData\Roaming\nvm;C:\Program Files\nodejs;C:\Program Files (x86)\nodejs;C:\Program Files (x86)\nodejs\;C:\ProgramData\chocolatey\bin;C:\Users\SeaChan\AppData\Local\Microsoft\WindowsApps;C:\Users\SeaChan\AppData\Local\Yarn\bin;C:\Users\SeaChan\AppData\Roaming\nvm;C:\Program Files\nodejs;C:\Users\SeaChan\AppData\Roaming\npm

Yarn version: 
  1.22.10

Node version: 
  14.17.3

Platform: 
  win32 ia32

Trace: 
  Error: https://registry.npm.taobao.org/ejd: Not found
      at Request.params.callback [as _callback] (C:\Users\SeaChan\AppData\Roaming\npm\node_modules\yarn\lib\cli.js:66988:18)
      at Request.self.callback (C:\Users\SeaChan\AppData\Roaming\npm\node_modules\yarn\lib\cli.js:140662:22)
      at Request.emit (events.js:375:28)
      at Request.<anonymous> (C:\Users\SeaChan\AppData\Roaming\npm\node_modules\yarn\lib\cli.js:141634:10)
      at Request.emit (events.js:375:28)
      at IncomingMessage.<anonymous> (C:\Users\SeaChan\AppData\Roaming\npm\node_modules\yarn\lib\cli.js:141556:12)
      at Object.onceWrapper (events.js:481:28)
      at IncomingMessage.emit (events.js:387:35)
      at endReadableNT (internal/streams/readable.js:1317:12)
      at processTicksAndRejections (internal/process/task_queues.js:82:21)

npm manifest: 
  {
    "name": "node-static-server",
    "version": "1.0.0",
    "main": "main.js",
    "bin": {
      "cs-serve": "bin/www.js"
    },
    "license": "MIT",
    "dependencies": {
      "mime": "^2.5.2"
    }
  }

yarn manifest: 
  No manifest

Lockfile: 
  # THIS IS AN AUTOGENERATED FILE. DO NOT EDIT THIS FILE DIRECTLY.
  # yarn lockfile v1
  
  
  mime@^2.5.2:
    version "2.5.2"
    resolved "https://registry.npm.taobao.org/mime/download/mime-2.5.2.tgz#6e3dc6cc2b9510643830e5f19d5cb753da5eeabe"
    integrity sha1-bj3GzCuVEGQ4MOXxnVy3U9pe6r4=
